Using pre-set license
Built from '2020.3/release' branch; Version is '2020.3.2f1 (8fd9074bf66c) revision 9427207'; Using compiler version '192528614'; Build Type 'Release'
OS: 'Windows 10 Pro; OS build 19044.2728; Version 2009; 64bit' Language: 'en' Physical Memory: 16282 MB
BatchMode: 1, IsHumanControllingUs: 0, StartBugReporterOnCrash: 0, Is64bit: 1, IsPro: 0

 COMMAND LINE ARGUMENTS:
C:\Program Files\Unity\Hub\Editor\2020.3.2f1\Editor\Unity.exe
-adb2
-batchMode
-noUpm
-name
AssetImportWorker0
-projectPath
C:/Users/robmr/Documents/Unity/My project
-logFile
Logs/AssetImportWorker0.log
-srvPort
54535
Successfully changed project path to: C:/Users/robmr/Documents/Unity/My project
C:/Users/robmr/Documents/Unity/My project
Using Asset Import Pipeline V2.
Refreshing native plugins compatible for Editor in 53.88 ms, found 0 plugins.
Preloading 0 native plugins for Editor in 0.00 ms.
Initialize engine version: 2020.3.2f1 (8fd9074bf66c)
[Subsystems] Discovering subsystems at path C:/Program Files/Unity/Hub/Editor/2020.3.2f1/Editor/Data/Resources/UnitySubsystems
[Subsystems] Discovering subsystems at path C:/Users/robmr/Documents/Unity/My project/Assets
GfxDevice: creating device client; threaded=0
Direct3D:
    Version:  Direct3D 11.0 [level 11.1]
    Renderer: Intel(R) HD Graphics 620 (ID=0x5916)
    Vendor:   
    VRAM:     8141 MB
    Driver:   27.20.100.8854
Initialize mono
Mono path[0] = 'C:/Program Files/Unity/Hub/Editor/2020.3.2f1/Editor/Data/Managed'
Mono path[1] = 'C:/Program Files/Unity/Hub/Editor/2020.3.2f1/Editor/Data/MonoBleedingEdge/lib/mono/unityjit'
Mono config path = 'C:/Program Files/Unity/Hub/Editor/2020.3.2f1/Editor/Data/MonoBleedingEdge/etc'
Using monoOptions --debugger-agent=transport=dt_socket,embedding=1,server=y,suspend=n,address=127.0.0.1:56564
Begin MonoManager ReloadAssembly
Registering precompiled unity dll's ...
Register platform support module: C:/Program Files/Unity/Hub/Editor/2020.3.2f1/Editor/Data/PlaybackEngines/WindowsStandaloneSupport/UnityEditor.WindowsStandalone.Extensions.dll
Registered in 0.004740 seconds.
Native extension for WindowsStandalone target not found
Refreshing native plugins compatible for Editor in 68.97 ms, found 0 plugins.
Preloading 0 native plugins for Editor in 0.00 ms.
Invoked RoslynAnalysisRunner static constructor.
RoslynAnalysisRunner will not be running.
RoslynAnalysisRunner has terminated.
Mono: successfully reloaded assembly
- Completed reload, in  4.488 seconds
Platform modules already initialized, skipping
Registering precompiled user dll's ...
Registered in 0.002795 seconds.
Begin MonoManager ReloadAssembly
Native extension for WindowsStandalone target not found
Refreshing native plugins compatible for Editor in 0.42 ms, found 0 plugins.
Preloading 0 native plugins for Editor in 0.00 ms.
Invoked RoslynAnalysisRunner static constructor.
RoslynAnalysisRunner will not be running.
RoslynAnalysisRunner has terminated.
Mono: successfully reloaded assembly
- Completed reload, in  1.614 seconds
Platform modules already initialized, skipping
========================================================================
Worker process is ready to serve import requests
Launched and connected shader compiler UnityShaderCompiler.exe after 0.10 seconds
Refreshing native plugins compatible for Editor in 0.24 ms, found 0 plugins.
Preloading 0 native plugins for Editor in 0.00 ms.
Unloading 1130 Unused Serialized files (Serialized files now loaded: 0)
System memory in use before: 58.4 MB.
System memory in use after: 58.4 MB.

Unloading 10 unused Assets to reduce memory usage. Loaded Objects now: 1577.
Total: 2.212800 ms (FindLiveObjects: 0.524400 ms CreateObjectMapping: 0.060000 ms MarkObjects: 1.545000 ms  DeleteObjects: 0.082100 ms)

========================================================================
Received Import Request.
  path: Assets/Scenes/pachinko.unity
  artifactKey: Guid(8945e27315e82b0489277ce56518b3d6) Importer(815301076,1909f56bfc062723c751e8b465ee728b)
Start importing Assets/Scenes/pachinko.unity using Guid(8945e27315e82b0489277ce56518b3d6) Importer(815301076,1909f56bfc062723c751e8b465ee728b)  -> (artifact id: '93984137395c7fca798bc6142da200e9') in 0.014080 seconds
  Import took 0.017073 seconds .

========================================================================
Received Import Request.
  Time since last request: 11.774774 seconds.
  path: Assets/Scenes/CoinPusher.unity
  artifactKey: Guid(8945e27315e82b0489277ce56518b3d6) Importer(815301076,1909f56bfc062723c751e8b465ee728b)
Start importing Assets/Scenes/CoinPusher.unity using Guid(8945e27315e82b0489277ce56518b3d6) Importer(815301076,1909f56bfc062723c751e8b465ee728b)  -> (artifact id: '8c7d3d549de40e6fa4fef845742c401d') in 0.008529 seconds
  Import took 0.012770 seconds .

========================================================================
Received Prepare
Registering precompiled user dll's ...
Registered in 0.002085 seconds.
Begin MonoManager ReloadAssembly
Native extension for WindowsStandalone target not found
Refreshing native plugins compatible for Editor in 0.41 ms, found 0 plugins.
Preloading 0 native plugins for Editor in 0.00 ms.
Invoked RoslynAnalysisRunner static constructor.
RoslynAnalysisRunner will not be running.
RoslynAnalysisRunner has terminated.
Mono: successfully reloaded assembly
- Completed reload, in  1.596 seconds
Platform modules already initialized, skipping
Refreshing native plugins compatible for Editor in 0.41 ms, found 0 plugins.
Preloading 0 native plugins for Editor in 0.00 ms.
Unloading 1125 Unused Serialized files (Serialized files now loaded: 0)
System memory in use before: 58.3 MB.
System memory in use after: 58.4 MB.

Unloading 5 unused Assets to reduce memory usage. Loaded Objects now: 1580.
Total: 2.072700 ms (FindLiveObjects: 0.211500 ms CreateObjectMapping: 0.090300 ms MarkObjects: 1.713400 ms  DeleteObjects: 0.056400 ms)

========================================================================
Received Import Request.
  Time since last request: 131.655834 seconds.
  path: Assets/Prefabs/ChipBrian.prefab
  artifactKey: Guid(a5c15e94c1a079e4ba7ba98ce35b4f93) Importer(815301076,1909f56bfc062723c751e8b465ee728b)
Start importing Assets/Prefabs/ChipBrian.prefab using Guid(a5c15e94c1a079e4ba7ba98ce35b4f93) Importer(815301076,1909f56bfc062723c751e8b465ee728b)  -> (artifact id: 'bd66eb2be813c3abcc53d5164a685df1') in 0.158451 seconds
  Import took 0.161297 seconds .

========================================================================
Received Import Request.
  Time since last request: 2.643833 seconds.
  path: Assets/Prefabs/ChipChris.prefab
  artifactKey: Guid(af69db755f47acb48997ace9da7af767) Importer(815301076,1909f56bfc062723c751e8b465ee728b)
Start importing Assets/Prefabs/ChipChris.prefab using Guid(af69db755f47acb48997ace9da7af767) Importer(815301076,1909f56bfc062723c751e8b465ee728b)  -> (artifact id: '0c3f3ab654861140064e4f19f5f08c81') in 0.024153 seconds
  Import took 0.027858 seconds .

========================================================================
Received Import Request.
  Time since last request: 4.627726 seconds.
  path: Assets/Prefabs/ChipEileen.prefab
  artifactKey: Guid(f373f78556d374d4f81c1037a26faf3e) Importer(815301076,1909f56bfc062723c751e8b465ee728b)
Start importing Assets/Prefabs/ChipEileen.prefab using Guid(f373f78556d374d4f81c1037a26faf3e) Importer(815301076,1909f56bfc062723c751e8b465ee728b)  -> (artifact id: 'd1304f2c061737560f9a70a283dcd9de') in 0.028758 seconds
  Import took 0.034955 seconds .

========================================================================
Received Import Request.
  Time since last request: 4.548489 seconds.
  path: Assets/Prefabs/ChipEvan.prefab
  artifactKey: Guid(422583d8017287b46b3bda244b967648) Importer(815301076,1909f56bfc062723c751e8b465ee728b)
Start importing Assets/Prefabs/ChipEvan.prefab using Guid(422583d8017287b46b3bda244b967648) Importer(815301076,1909f56bfc062723c751e8b465ee728b)  -> (artifact id: '41fef3d1e476d26b444c8e4aaa2850fe') in 0.033620 seconds
  Import took 0.039432 seconds .

========================================================================
Received Import Request.
  Time since last request: 4.466764 seconds.
  path: Assets/Prefabs/ChipJordanne.prefab
  artifactKey: Guid(78de1eaf3bfc6864f80c8c0af50f2c6b) Importer(815301076,1909f56bfc062723c751e8b465ee728b)
Start importing Assets/Prefabs/ChipJordanne.prefab using Guid(78de1eaf3bfc6864f80c8c0af50f2c6b) Importer(815301076,1909f56bfc062723c751e8b465ee728b)  -> (artifact id: '2133cd99448fd8e6238d05487e4608fd') in 0.023344 seconds
  Import took 0.026790 seconds .

========================================================================
Received Prepare
Registering precompiled user dll's ...
Registered in 0.001244 seconds.
Begin MonoManager ReloadAssembly
Native extension for WindowsStandalone target not found
Refreshing native plugins compatible for Editor in 0.22 ms, found 0 plugins.
Preloading 0 native plugins for Editor in 0.00 ms.
Invoked RoslynAnalysisRunner static constructor.
RoslynAnalysisRunner will not be running.
RoslynAnalysisRunner has terminated.
Mono: successfully reloaded assembly
- Completed reload, in  1.451 seconds
Platform modules already initialized, skipping
Refreshing native plugins compatible for Editor in 0.24 ms, found 0 plugins.
Preloading 0 native plugins for Editor in 0.00 ms.
Unloading 1125 Unused Serialized files (Serialized files now loaded: 0)
System memory in use before: 61.5 MB.
System memory in use after: 61.5 MB.

Unloading 5 unused Assets to reduce memory usage. Loaded Objects now: 1590.
Total: 2.501000 ms (FindLiveObjects: 0.209600 ms CreateObjectMapping: 0.070300 ms MarkObjects: 2.158500 ms  DeleteObjects: 0.061400 ms)

========================================================================
Received Import Request.
  Time since last request: 68.607487 seconds.
  path: Assets/Prefabs/ChipBrian.prefab
  artifactKey: Guid(a5c15e94c1a079e4ba7ba98ce35b4f93) Importer(815301076,1909f56bfc062723c751e8b465ee728b)
Start importing Assets/Prefabs/ChipBrian.prefab using Guid(a5c15e94c1a079e4ba7ba98ce35b4f93) Importer(815301076,1909f56bfc062723c751e8b465ee728b)  -> (artifact id: 'a5762c9cea477cbf9313cbb8b8d54368') in 0.111397 seconds
  Import took 0.114406 seconds .

========================================================================
Received Import Request.
  Time since last request: 0.010787 seconds.
  path: Assets/Prefabs/ChipBrian.prefab
  artifactKey: Guid(a5c15e94c1a079e4ba7ba98ce35b4f93) Importer(815301076,1909f56bfc062723c751e8b465ee728b)
Start importing Assets/Prefabs/ChipBrian.prefab using Guid(a5c15e94c1a079e4ba7ba98ce35b4f93) Importer(815301076,1909f56bfc062723c751e8b465ee728b)  -> (artifact id: 'a5762c9cea477cbf9313cbb8b8d54368') in 0.018152 seconds
  Import took 0.021732 seconds .

========================================================================
Received Import Request.
  Time since last request: 0.230453 seconds.
  path: Assets/Prefabs/ChipChris.prefab
  artifactKey: Guid(af69db755f47acb48997ace9da7af767) Importer(815301076,1909f56bfc062723c751e8b465ee728b)
Start importing Assets/Prefabs/ChipChris.prefab using Guid(af69db755f47acb48997ace9da7af767) Importer(815301076,1909f56bfc062723c751e8b465ee728b)  -> (artifact id: '0a5f2fd03553d6f2b90706d35a162932') in 0.019564 seconds
  Import took 0.028522 seconds .

========================================================================
Received Import Request.
  Time since last request: 3.528472 seconds.
  path: Assets/Prefabs/ChipEileen.prefab
  artifactKey: Guid(f373f78556d374d4f81c1037a26faf3e) Importer(815301076,1909f56bfc062723c751e8b465ee728b)
Start importing Assets/Prefabs/ChipEileen.prefab using Guid(f373f78556d374d4f81c1037a26faf3e) Importer(815301076,1909f56bfc062723c751e8b465ee728b)  -> (artifact id: 'b6ef6dc01ea150348a31b9f4882373e7') in 0.021324 seconds
  Import took 0.026089 seconds .

========================================================================
Received Import Request.
  Time since last request: 2.564379 seconds.
  path: Assets/Prefabs/ChipEvan.prefab
  artifactKey: Guid(422583d8017287b46b3bda244b967648) Importer(815301076,1909f56bfc062723c751e8b465ee728b)
Start importing Assets/Prefabs/ChipEvan.prefab using Guid(422583d8017287b46b3bda244b967648) Importer(815301076,1909f56bfc062723c751e8b465ee728b)  -> (artifact id: '82b8eafe890f17c24bd8877623dd2191') in 0.019992 seconds
  Import took 0.023318 seconds .

========================================================================
Received Prepare
Registering precompiled user dll's ...
Registered in 0.002198 seconds.
Begin MonoManager ReloadAssembly
Native extension for WindowsStandalone target not found
Refreshing native plugins compatible for Editor in 1.74 ms, found 0 plugins.
Preloading 0 native plugins for Editor in 0.00 ms.
Invoked RoslynAnalysisRunner static constructor.
RoslynAnalysisRunner will not be running.
RoslynAnalysisRunner has terminated.
Mono: successfully reloaded assembly
- Completed reload, in  3.283 seconds
Platform modules already initialized, skipping
Refreshing native plugins compatible for Editor in 0.49 ms, found 0 plugins.
Preloading 0 native plugins for Editor in 0.00 ms.
Unloading 1125 Unused Serialized files (Serialized files now loaded: 0)
System memory in use before: 61.5 MB.
System memory in use after: 61.6 MB.

Unloading 5 unused Assets to reduce memory usage. Loaded Objects now: 1594.
Total: 6.851600 ms (FindLiveObjects: 1.595000 ms CreateObjectMapping: 0.555800 ms MarkObjects: 4.577500 ms  DeleteObjects: 0.119600 ms)

========================================================================
Received Import Request.
  Time since last request: 10.553395 seconds.
  path: Assets/Prefabs/ChipJordanne.prefab
  artifactKey: Guid(78de1eaf3bfc6864f80c8c0af50f2c6b) Importer(815301076,1909f56bfc062723c751e8b465ee728b)
Start importing Assets/Prefabs/ChipJordanne.prefab using Guid(78de1eaf3bfc6864f80c8c0af50f2c6b) Importer(815301076,1909f56bfc062723c751e8b465ee728b)  -> (artifact id: '0c286c71c0e45c891615a3b84f459596') in 0.489969 seconds
  Import took 0.737406 seconds .

========================================================================
Received Import Request.
  Time since last request: 201.834542 seconds.
  path: Assets/Model/Materials/New Physic Material.physicMaterial
  artifactKey: Guid(4a03c6a4b166725419bb8d1c1b8b2d97) Importer(815301076,1909f56bfc062723c751e8b465ee728b)
Start importing Assets/Model/Materials/New Physic Material.physicMaterial using Guid(4a03c6a4b166725419bb8d1c1b8b2d97) Importer(815301076,1909f56bfc062723c751e8b465ee728b)  -> (artifact id: '93bb497e6667fea1b1176dd2f58f6737') in 0.006779 seconds
  Import took 0.009702 seconds .

========================================================================
Received Import Request.
  Time since last request: 0.019692 seconds.
  path: Assets/Model/Materials/New Physic Material.physicMaterial
  artifactKey: Guid(4a03c6a4b166725419bb8d1c1b8b2d97) Importer(815301076,1909f56bfc062723c751e8b465ee728b)
Start importing Assets/Model/Materials/New Physic Material.physicMaterial using Guid(4a03c6a4b166725419bb8d1c1b8b2d97) Importer(815301076,1909f56bfc062723c751e8b465ee728b)  -> (artifact id: '93bb497e6667fea1b1176dd2f58f6737') in 0.005613 seconds
  Import took 0.008834 seconds .

========================================================================
Received Import Request.
  Time since last request: 12.860802 seconds.
  path: Assets/Model/Materials/Metal.physicMaterial
  artifactKey: Guid(4a03c6a4b166725419bb8d1c1b8b2d97) Importer(815301076,1909f56bfc062723c751e8b465ee728b)
Start importing Assets/Model/Materials/Metal.physicMaterial using Guid(4a03c6a4b166725419bb8d1c1b8b2d97) Importer(815301076,1909f56bfc062723c751e8b465ee728b)  -> (artifact id: '0a1a6a7c4f211c8430f43c4fe008af84') in 0.004968 seconds
  Import took 0.007723 seconds .

========================================================================
Received Import Request.
  Time since last request: 0.024102 seconds.
  path: Assets/Model/Materials/Metal.physicMaterial
  artifactKey: Guid(4a03c6a4b166725419bb8d1c1b8b2d97) Importer(815301076,1909f56bfc062723c751e8b465ee728b)
Start importing Assets/Model/Materials/Metal.physicMaterial using Guid(4a03c6a4b166725419bb8d1c1b8b2d97) Importer(815301076,1909f56bfc062723c751e8b465ee728b)  -> (artifact id: '0a1a6a7c4f211c8430f43c4fe008af84') in 0.004588 seconds
  Import took 0.008765 seconds .

========================================================================
Received Import Request.
  Time since last request: 24.402120 seconds.
  path: Assets/Prefabs/ChipBrian.prefab
  artifactKey: Guid(a5c15e94c1a079e4ba7ba98ce35b4f93) Importer(815301076,1909f56bfc062723c751e8b465ee728b)
Start importing Assets/Prefabs/ChipBrian.prefab using Guid(a5c15e94c1a079e4ba7ba98ce35b4f93) Importer(815301076,1909f56bfc062723c751e8b465ee728b)  -> (artifact id: 'ee87e88b1bd8318b9221027935179f72') in 0.041348 seconds
  Import took 0.049097 seconds .

========================================================================
Received Import Request.
  Time since last request: 0.008771 seconds.
  path: Assets/Prefabs/ChipBrian.prefab
  artifactKey: Guid(a5c15e94c1a079e4ba7ba98ce35b4f93) Importer(815301076,1909f56bfc062723c751e8b465ee728b)
Start importing Assets/Prefabs/ChipBrian.prefab using Guid(a5c15e94c1a079e4ba7ba98ce35b4f93) Importer(815301076,1909f56bfc062723c751e8b465ee728b)  -> (artifact id: 'ee87e88b1bd8318b9221027935179f72') in 0.015651 seconds
  Import took 0.019812 seconds .

========================================================================
Received Import Request.
  Time since last request: 7.526578 seconds.
  path: Assets/Prefabs/ChipChris.prefab
  artifactKey: Guid(af69db755f47acb48997ace9da7af767) Importer(815301076,1909f56bfc062723c751e8b465ee728b)
Start importing Assets/Prefabs/ChipChris.prefab using Guid(af69db755f47acb48997ace9da7af767) Importer(815301076,1909f56bfc062723c751e8b465ee728b)  -> (artifact id: '3ebf22c21cae7f8127bbda2312a268e3') in 0.019865 seconds
  Import took 0.023692 seconds .

========================================================================
Received Import Request.
  Time since last request: 0.026082 seconds.
  path: Assets/Prefabs/ChipChris.prefab
  artifactKey: Guid(af69db755f47acb48997ace9da7af767) Importer(815301076,1909f56bfc062723c751e8b465ee728b)
Start importing Assets/Prefabs/ChipChris.prefab using Guid(af69db755f47acb48997ace9da7af767) Importer(815301076,1909f56bfc062723c751e8b465ee728b)  -> (artifact id: '3ebf22c21cae7f8127bbda2312a268e3') in 0.018830 seconds
  Import took 0.022314 seconds .

========================================================================
Received Import Request.
  Time since last request: 5.552871 seconds.
  path: Assets/Prefabs/ChipEileen.prefab
  artifactKey: Guid(f373f78556d374d4f81c1037a26faf3e) Importer(815301076,1909f56bfc062723c751e8b465ee728b)
Start importing Assets/Prefabs/ChipEileen.prefab using Guid(f373f78556d374d4f81c1037a26faf3e) Importer(815301076,1909f56bfc062723c751e8b465ee728b)  -> (artifact id: '5b52cd3201633bfba9c9978f02d46373') in 0.016022 seconds
  Import took 0.018698 seconds .

========================================================================
Received Import Request.
  Time since last request: 0.020682 seconds.
  path: Assets/Prefabs/ChipEileen.prefab
  artifactKey: Guid(f373f78556d374d4f81c1037a26faf3e) Importer(815301076,1909f56bfc062723c751e8b465ee728b)
Start importing Assets/Prefabs/ChipEileen.prefab using Guid(f373f78556d374d4f81c1037a26faf3e) Importer(815301076,1909f56bfc062723c751e8b465ee728b)  -> (artifact id: '5b52cd3201633bfba9c9978f02d46373') in 0.016769 seconds
  Import took 0.020369 seconds .

========================================================================
Received Import Request.
  Time since last request: 4.135293 seconds.
  path: Assets/Prefabs/ChipEvan.prefab
  artifactKey: Guid(422583d8017287b46b3bda244b967648) Importer(815301076,1909f56bfc062723c751e8b465ee728b)
Start importing Assets/Prefabs/ChipEvan.prefab using Guid(422583d8017287b46b3bda244b967648) Importer(815301076,1909f56bfc062723c751e8b465ee728b)  -> (artifact id: '540d2e29a4a24dfdcfd24b2be511e114') in 0.015263 seconds
  Import took 0.017461 seconds .

========================================================================
Received Import Request.
  Time since last request: 0.020726 seconds.
  path: Assets/Prefabs/ChipEvan.prefab
  artifactKey: Guid(422583d8017287b46b3bda244b967648) Importer(815301076,1909f56bfc062723c751e8b465ee728b)
Start importing Assets/Prefabs/ChipEvan.prefab using Guid(422583d8017287b46b3bda244b967648) Importer(815301076,1909f56bfc062723c751e8b465ee728b)  -> (artifact id: '540d2e29a4a24dfdcfd24b2be511e114') in 0.017793 seconds
  Import took 0.024009 seconds .

========================================================================
Received Import Request.
  Time since last request: 8.484089 seconds.
  path: Assets/Prefabs/ChipJordanne.prefab
  artifactKey: Guid(78de1eaf3bfc6864f80c8c0af50f2c6b) Importer(815301076,1909f56bfc062723c751e8b465ee728b)
Start importing Assets/Prefabs/ChipJordanne.prefab using Guid(78de1eaf3bfc6864f80c8c0af50f2c6b) Importer(815301076,1909f56bfc062723c751e8b465ee728b)  -> (artifact id: 'a3f6a722426f5867cd0a3432348da854') in 0.024630 seconds
  Import took 0.668222 seconds .

========================================================================
Received Prepare
Registering precompiled user dll's ...
Registered in 0.003104 seconds.
Begin MonoManager ReloadAssembly
Native extension for WindowsStandalone target not found
Refreshing native plugins compatible for Editor in 0.38 ms, found 0 plugins.
Preloading 0 native plugins for Editor in 0.00 ms.
Invoked RoslynAnalysisRunner static constructor.
RoslynAnalysisRunner will not be running.
RoslynAnalysisRunner has terminated.
Mono: successfully reloaded assembly
- Completed reload, in  1.088 seconds
Platform modules already initialized, skipping
Refreshing native plugins compatible for Editor in 0.20 ms, found 0 plugins.
Preloading 0 native plugins for Editor in 0.00 ms.
Unloading 1125 Unused Serialized files (Serialized files now loaded: 0)
System memory in use before: 61.5 MB.
System memory in use after: 61.6 MB.

Unloading 5 unused Assets to reduce memory usage. Loaded Objects now: 1598.
Total: 2.145400 ms (FindLiveObjects: 0.153500 ms CreateObjectMapping: 0.046400 ms MarkObjects: 1.886200 ms  DeleteObjects: 0.058000 ms)

========================================================================
Received Import Request.
  Time since last request: 151.127218 seconds.
  path: Assets/Prefabs/Slider.prefab
  artifactKey: Guid(16afe697f9cb813439bfa8099e5bbed5) Importer(815301076,1909f56bfc062723c751e8b465ee728b)
Start importing Assets/Prefabs/Slider.prefab using Guid(16afe697f9cb813439bfa8099e5bbed5) Importer(815301076,1909f56bfc062723c751e8b465ee728b)  -> (artifact id: 'd29c687e4a841a7d73af333205edd3a8') in 0.082227 seconds
  Import took 0.084706 seconds .

========================================================================
Received Prepare
Registering precompiled user dll's ...
Registered in 0.002181 seconds.
Begin MonoManager ReloadAssembly
Native extension for WindowsStandalone target not found
Refreshing native plugins compatible for Editor in 0.58 ms, found 0 plugins.
Preloading 0 native plugins for Editor in 0.00 ms.
Invoked RoslynAnalysisRunner static constructor.
RoslynAnalysisRunner will not be running.
RoslynAnalysisRunner has terminated.
Mono: successfully reloaded assembly
- Completed reload, in  3.493 seconds
Platform modules already initialized, skipping
Refreshing native plugins compatible for Editor in 0.31 ms, found 0 plugins.
Preloading 0 native plugins for Editor in 0.00 ms.
Unloading 1125 Unused Serialized files (Serialized files now loaded: 0)
System memory in use before: 61.5 MB.
System memory in use after: 61.6 MB.

Unloading 6 unused Assets to reduce memory usage. Loaded Objects now: 1603.
Total: 5.262000 ms (FindLiveObjects: 0.432800 ms CreateObjectMapping: 0.175400 ms MarkObjects: 4.464500 ms  DeleteObjects: 0.183900 ms)

========================================================================
Received Import Request.
  Time since last request: 32.628685 seconds.
  path: Assets/Prefabs/Slider.prefab
  artifactKey: Guid(16afe697f9cb813439bfa8099e5bbed5) Importer(815301076,1909f56bfc062723c751e8b465ee728b)
Start importing Assets/Prefabs/Slider.prefab using Guid(16afe697f9cb813439bfa8099e5bbed5) Importer(815301076,1909f56bfc062723c751e8b465ee728b)  -> (artifact id: 'b0c817bc21b54d8903d2adca1b6b31b2') in 0.246145 seconds
  Import took 0.252133 seconds .

========================================================================
Received Prepare
Registering precompiled user dll's ...
Registered in 0.002269 seconds.
Begin MonoManager ReloadAssembly
Native extension for WindowsStandalone target not found
Refreshing native plugins compatible for Editor in 0.38 ms, found 0 plugins.
Preloading 0 native plugins for Editor in 0.00 ms.
Invoked RoslynAnalysisRunner static constructor.
RoslynAnalysisRunner will not be running.
RoslynAnalysisRunner has terminated.
Mono: successfully reloaded assembly
- Completed reload, in  1.198 seconds
Platform modules already initialized, skipping
Refreshing native plugins compatible for Editor in 0.39 ms, found 0 plugins.
Preloading 0 native plugins for Editor in 0.00 ms.
Unloading 1125 Unused Serialized files (Serialized files now loaded: 0)
System memory in use before: 61.5 MB.
System memory in use after: 61.6 MB.

Unloading 6 unused Assets to reduce memory usage. Loaded Objects now: 1607.
Total: 2.939300 ms (FindLiveObjects: 0.212700 ms CreateObjectMapping: 0.072000 ms MarkObjects: 2.565200 ms  DeleteObjects: 0.088100 ms)

========================================================================
Received Import Request.
  Time since last request: 216.622807 seconds.
  path: Assets/Prefabs/Slider.prefab
  artifactKey: Guid(16afe697f9cb813439bfa8099e5bbed5) Importer(815301076,1909f56bfc062723c751e8b465ee728b)
Start importing Assets/Prefabs/Slider.prefab using Guid(16afe697f9cb813439bfa8099e5bbed5) Importer(815301076,1909f56bfc062723c751e8b465ee728b)  -> (artifact id: 'bfc3844e3eaa8fb91b4ed01c7192d3c6') in 0.085711 seconds
  Import took 0.088860 seconds .

========================================================================
Received Import Request.
  Time since last request: 1.955566 seconds.
  path: Assets/Prefabs/Slider.prefab
  artifactKey: Guid(16afe697f9cb813439bfa8099e5bbed5) Importer(815301076,1909f56bfc062723c751e8b465ee728b)
Start importing Assets/Prefabs/Slider.prefab using Guid(16afe697f9cb813439bfa8099e5bbed5) Importer(815301076,1909f56bfc062723c751e8b465ee728b)  -> (artifact id: '90e0b6f883234cc330649f0b9a93cb17') in 0.061086 seconds
  Import took 0.080348 seconds .

========================================================================
Received Prepare
Registering precompiled user dll's ...
Registered in 0.002603 seconds.
Begin MonoManager ReloadAssembly
Native extension for WindowsStandalone target not found
Refreshing native plugins compatible for Editor in 0.25 ms, found 0 plugins.
Preloading 0 native plugins for Editor in 0.00 ms.
Invoked RoslynAnalysisRunner static constructor.
RoslynAnalysisRunner will not be running.
RoslynAnalysisRunner has terminated.
Mono: successfully reloaded assembly
- Completed reload, in  2.469 seconds
Platform modules already initialized, skipping
Refreshing native plugins compatible for Editor in 2.48 ms, found 0 plugins.
Preloading 0 native plugins for Editor in 0.00 ms.
Unloading 1125 Unused Serialized files (Serialized files now loaded: 0)
System memory in use before: 61.6 MB.
System memory in use after: 61.6 MB.

Unloading 5 unused Assets to reduce memory usage. Loaded Objects now: 1611.
Total: 4.713200 ms (FindLiveObjects: 1.076400 ms CreateObjectMapping: 0.224000 ms MarkObjects: 3.335800 ms  DeleteObjects: 0.074900 ms)

========================================================================
Received Import Request.
  Time since last request: 213.256480 seconds.
  path: Assets/Prefabs/ChipBrian.prefab
  artifactKey: Guid(a5c15e94c1a079e4ba7ba98ce35b4f93) Importer(815301076,1909f56bfc062723c751e8b465ee728b)
Start importing Assets/Prefabs/ChipBrian.prefab using Guid(a5c15e94c1a079e4ba7ba98ce35b4f93) Importer(815301076,1909f56bfc062723c751e8b465ee728b)  -> (artifact id: '39d818ceee598d6353c859c7bc01cd7a') in 0.161990 seconds
  Import took 0.167296 seconds .

========================================================================
Received Import Request.
  Time since last request: 14.804889 seconds.
  path: Assets/Prefabs/ChipBrian.prefab
  artifactKey: Guid(a5c15e94c1a079e4ba7ba98ce35b4f93) Importer(815301076,1909f56bfc062723c751e8b465ee728b)
Start importing Assets/Prefabs/ChipBrian.prefab using Guid(a5c15e94c1a079e4ba7ba98ce35b4f93) Importer(815301076,1909f56bfc062723c751e8b465ee728b)  -> (artifact id: 'f79eb100130f97d06ecc3f359285d820') in 0.023044 seconds
  Import took 0.028650 seconds .

========================================================================
Received Import Request.
  Time since last request: 0.011717 seconds.
  path: Assets/Prefabs/ChipBrian.prefab
  artifactKey: Guid(a5c15e94c1a079e4ba7ba98ce35b4f93) Importer(815301076,1909f56bfc062723c751e8b465ee728b)
Start importing Assets/Prefabs/ChipBrian.prefab using Guid(a5c15e94c1a079e4ba7ba98ce35b4f93) Importer(815301076,1909f56bfc062723c751e8b465ee728b)  -> (artifact id: 'f79eb100130f97d06ecc3f359285d820') in 0.024316 seconds
  Import took 0.028972 seconds .

========================================================================
Received Import Request.
  Time since last request: 5.320584 seconds.
  path: Assets/Prefabs/ChipBrian.prefab
  artifactKey: Guid(a5c15e94c1a079e4ba7ba98ce35b4f93) Importer(815301076,1909f56bfc062723c751e8b465ee728b)
Start importing Assets/Prefabs/ChipBrian.prefab using Guid(a5c15e94c1a079e4ba7ba98ce35b4f93) Importer(815301076,1909f56bfc062723c751e8b465ee728b)  -> (artifact id: '4793d569add72231fc13878f07d7dbae') in 0.044815 seconds
  Import took 0.051952 seconds .

========================================================================
Received Import Request.
  Time since last request: 0.004846 seconds.
  path: Assets/Prefabs/ChipBrian.prefab
  artifactKey: Guid(a5c15e94c1a079e4ba7ba98ce35b4f93) Importer(815301076,1909f56bfc062723c751e8b465ee728b)
Start importing Assets/Prefabs/ChipBrian.prefab using Guid(a5c15e94c1a079e4ba7ba98ce35b4f93) Importer(815301076,1909f56bfc062723c751e8b465ee728b)  -> (artifact id: '4793d569add72231fc13878f07d7dbae') in 0.029214 seconds
  Import took 0.034921 seconds .

========================================================================
Received Import Request.
  Time since last request: 5.503731 seconds.
  path: Assets/Prefabs/ChipBrian.prefab
  artifactKey: Guid(a5c15e94c1a079e4ba7ba98ce35b4f93) Importer(815301076,1909f56bfc062723c751e8b465ee728b)
Start importing Assets/Prefabs/ChipBrian.prefab using Guid(a5c15e94c1a079e4ba7ba98ce35b4f93) Importer(815301076,1909f56bfc062723c751e8b465ee728b)  -> (artifact id: 'b8e6cc3e24086b34d4b12003854dfcd9') in 0.025449 seconds
  Import took 0.029766 seconds .

========================================================================
Received Import Request.
  Time since last request: 0.025035 seconds.
  path: Assets/Prefabs/ChipBrian.prefab
  artifactKey: Guid(a5c15e94c1a079e4ba7ba98ce35b4f93) Importer(815301076,1909f56bfc062723c751e8b465ee728b)
Start importing Assets/Prefabs/ChipBrian.prefab using Guid(a5c15e94c1a079e4ba7ba98ce35b4f93) Importer(815301076,1909f56bfc062723c751e8b465ee728b)  -> (artifact id: 'b8e6cc3e24086b34d4b12003854dfcd9') in 0.024238 seconds
  Import took 0.029537 seconds .

========================================================================
Received Import Request.
  Time since last request: 4.513127 seconds.
  path: Assets/Prefabs/ChipBrian.prefab
  artifactKey: Guid(a5c15e94c1a079e4ba7ba98ce35b4f93) Importer(815301076,1909f56bfc062723c751e8b465ee728b)
Start importing Assets/Prefabs/ChipBrian.prefab using Guid(a5c15e94c1a079e4ba7ba98ce35b4f93) Importer(815301076,1909f56bfc062723c751e8b465ee728b)  -> (artifact id: 'f860774f4a7c892a3388284844c33bc8') in 0.028559 seconds
  Import took 0.032128 seconds .

========================================================================
Received Import Request.
  Time since last request: 0.022046 seconds.
  path: Assets/Prefabs/ChipBrian.prefab
  artifactKey: Guid(a5c15e94c1a079e4ba7ba98ce35b4f93) Importer(815301076,1909f56bfc062723c751e8b465ee728b)
Start importing Assets/Prefabs/ChipBrian.prefab using Guid(a5c15e94c1a079e4ba7ba98ce35b4f93) Importer(815301076,1909f56bfc062723c751e8b465ee728b)  -> (artifact id: 'f860774f4a7c892a3388284844c33bc8') in 0.027761 seconds
  Import took 0.032711 seconds .

========================================================================
Received Import Request.
  Time since last request: 34.857802 seconds.
  path: Assets/Prefabs/ChipBrian.prefab
  artifactKey: Guid(a5c15e94c1a079e4ba7ba98ce35b4f93) Importer(815301076,1909f56bfc062723c751e8b465ee728b)
Start importing Assets/Prefabs/ChipBrian.prefab using Guid(a5c15e94c1a079e4ba7ba98ce35b4f93) Importer(815301076,1909f56bfc062723c751e8b465ee728b)  -> (artifact id: 'd4706253e921617e1e026798e8736afd') in 0.024838 seconds
  Import took 0.034080 seconds .

========================================================================
Received Import Request.
  Time since last request: 0.021888 seconds.
  path: Assets/Prefabs/ChipBrian.prefab
  artifactKey: Guid(a5c15e94c1a079e4ba7ba98ce35b4f93) Importer(815301076,1909f56bfc062723c751e8b465ee728b)
Start importing Assets/Prefabs/ChipBrian.prefab using Guid(a5c15e94c1a079e4ba7ba98ce35b4f93) Importer(815301076,1909f56bfc062723c751e8b465ee728b)  -> (artifact id: 'd4706253e921617e1e026798e8736afd') in 0.029587 seconds
  Import took 0.034062 seconds .

========================================================================
Received Import Request.
  Time since last request: 1.216840 seconds.
  path: Assets/Prefabs/ChipBrian.prefab
  artifactKey: Guid(a5c15e94c1a079e4ba7ba98ce35b4f93) Importer(815301076,1909f56bfc062723c751e8b465ee728b)
Start importing Assets/Prefabs/ChipBrian.prefab using Guid(a5c15e94c1a079e4ba7ba98ce35b4f93) Importer(815301076,1909f56bfc062723c751e8b465ee728b)  -> (artifact id: '8831024408fbf48a5c634f11388b6134') in 0.021180 seconds
  Import took 0.025507 seconds .

========================================================================
Received Import Request.
  Time since last request: 0.026267 seconds.
  path: Assets/Prefabs/ChipBrian.prefab
  artifactKey: Guid(a5c15e94c1a079e4ba7ba98ce35b4f93) Importer(815301076,1909f56bfc062723c751e8b465ee728b)
Start importing Assets/Prefabs/ChipBrian.prefab using Guid(a5c15e94c1a079e4ba7ba98ce35b4f93) Importer(815301076,1909f56bfc062723c751e8b465ee728b)  -> (artifact id: '8831024408fbf48a5c634f11388b6134') in 0.025065 seconds
  Import took 0.029168 seconds .

========================================================================
Received Import Request.
  Time since last request: 45.489619 seconds.
  path: Assets/Prefabs/ChipJordanne.prefab
  artifactKey: Guid(78de1eaf3bfc6864f80c8c0af50f2c6b) Importer(815301076,1909f56bfc062723c751e8b465ee728b)
Start importing Assets/Prefabs/ChipJordanne.prefab using Guid(78de1eaf3bfc6864f80c8c0af50f2c6b) Importer(815301076,1909f56bfc062723c751e8b465ee728b)  -> (artifact id: '57cdb2d3cacd1677dca5c63c21d88be7') in 0.023623 seconds
  Import took 0.027992 seconds .

========================================================================
Received Import Request.
  Time since last request: 0.021286 seconds.
  path: Assets/Prefabs/ChipJordanne.prefab
  artifactKey: Guid(78de1eaf3bfc6864f80c8c0af50f2c6b) Importer(815301076,1909f56bfc062723c751e8b465ee728b)
Start importing Assets/Prefabs/ChipJordanne.prefab using Guid(78de1eaf3bfc6864f80c8c0af50f2c6b) Importer(815301076,1909f56bfc062723c751e8b465ee728b)  -> (artifact id: '57cdb2d3cacd1677dca5c63c21d88be7') in 0.029159 seconds
  Import took 0.033585 seconds .

========================================================================
Received Import Request.
  Time since last request: 0.541686 seconds.
  path: Assets/Prefabs/ChipJordanne.prefab
  artifactKey: Guid(78de1eaf3bfc6864f80c8c0af50f2c6b) Importer(815301076,1909f56bfc062723c751e8b465ee728b)
Start importing Assets/Prefabs/ChipJordanne.prefab using Guid(78de1eaf3bfc6864f80c8c0af50f2c6b) Importer(815301076,1909f56bfc062723c751e8b465ee728b)  -> (artifact id: '2650a3808307904b349b107505bb8c0a') in 0.023860 seconds
  Import took 0.028116 seconds .

========================================================================
Received Import Request.
  Time since last request: 0.039070 seconds.
  path: Assets/Prefabs/ChipJordanne.prefab
  artifactKey: Guid(78de1eaf3bfc6864f80c8c0af50f2c6b) Importer(815301076,1909f56bfc062723c751e8b465ee728b)
Start importing Assets/Prefabs/ChipJordanne.prefab using Guid(78de1eaf3bfc6864f80c8c0af50f2c6b) Importer(815301076,1909f56bfc062723c751e8b465ee728b)  -> (artifact id: '2650a3808307904b349b107505bb8c0a') in 0.028136 seconds
  Import took 0.034139 seconds .

========================================================================
Received Import Request.
  Time since last request: 29407.331177 seconds.
  path: Assets/Scenes/SampleScene.unity
  artifactKey: Guid(9fc0d4010bbf28b4594072e72b8655ab) Importer(815301076,1909f56bfc062723c751e8b465ee728b)
Start importing Assets/Scenes/SampleScene.unity using Guid(9fc0d4010bbf28b4594072e72b8655ab) Importer(815301076,1909f56bfc062723c751e8b465ee728b)  -> (artifact id: 'b402a40d660a3d5a6fe6c3afd0e1b255') in 0.011389 seconds
  Import took 0.016502 seconds .

========================================================================
Received Import Request.
  Time since last request: 13.535471 seconds.
  path: Assets/Scenes/pachinkoSettings.lighting
  artifactKey: Guid(5d06d5c6608d63041af83dfb689c5042) Importer(815301076,1909f56bfc062723c751e8b465ee728b)
Start importing Assets/Scenes/pachinkoSettings.lighting using Guid(5d06d5c6608d63041af83dfb689c5042) Importer(815301076,1909f56bfc062723c751e8b465ee728b) LightingSettings: switching bake backend from 1 to 0.
 -> (artifact id: 'c615fac322c0f76d45b312446ca74859') in 0.106110 seconds
  Import took 0.109766 seconds .

========================================================================
Received Import Request.
  Time since last request: 12.851399 seconds.
  path: Assets/Scenes/CoinPusherSettings.lighting
  artifactKey: Guid(5d06d5c6608d63041af83dfb689c5042) Importer(815301076,1909f56bfc062723c751e8b465ee728b)
Start importing Assets/Scenes/CoinPusherSettings.lighting using Guid(5d06d5c6608d63041af83dfb689c5042) Importer(815301076,1909f56bfc062723c751e8b465ee728b) LightingSettings: switching bake backend from 1 to 0.
 -> (artifact id: '1f1ac5386b62bdaee859ab63da49278f') in 0.008124 seconds
  Import took 0.017982 seconds .

========================================================================
Received Import Request.
  Time since last request: 22.617807 seconds.
  path: Assets/Scenes/CoinPusherSettings.lighting
  artifactKey: Guid(5d06d5c6608d63041af83dfb689c5042) Importer(815301076,1909f56bfc062723c751e8b465ee728b)
Start importing Assets/Scenes/CoinPusherSettings.lighting using Guid(5d06d5c6608d63041af83dfb689c5042) Importer(815301076,1909f56bfc062723c751e8b465ee728b) LightingSettings: switching bake backend from 1 to 0.
 -> (artifact id: '106c6032e8520eaf7869cae4153f257a') in 0.008677 seconds
  Import took 0.013157 seconds .

========================================================================
Received Import Request.
  Time since last request: 12.836795 seconds.
  path: Assets/Scenes/CoinPusherSettings.lighting
  artifactKey: Guid(5d06d5c6608d63041af83dfb689c5042) Importer(815301076,1909f56bfc062723c751e8b465ee728b)
Start importing Assets/Scenes/CoinPusherSettings.lighting using Guid(5d06d5c6608d63041af83dfb689c5042) Importer(815301076,1909f56bfc062723c751e8b465ee728b)  -> (artifact id: '7f9d8d79ad016bba47cc2548f24ab2f6') in 0.008821 seconds
  Import took 0.013330 seconds .

========================================================================
Received Prepare
Registering precompiled user dll's ...
Registered in 0.016719 seconds.
Begin MonoManager ReloadAssembly
Native extension for WindowsStandalone target not found
Refreshing native plugins compatible for Editor in 1.73 ms, found 0 plugins.
Preloading 0 native plugins for Editor in 0.00 ms.
Invoked RoslynAnalysisRunner static constructor.
RoslynAnalysisRunner will not be running.
RoslynAnalysisRunner has terminated.
Mono: successfully reloaded assembly
- Completed reload, in  5.305 seconds
Platform modules already initialized, skipping
Refreshing native plugins compatible for Editor in 0.46 ms, found 0 plugins.
Preloading 0 native plugins for Editor in 0.00 ms.
Unloading 1125 Unused Serialized files (Serialized files now loaded: 0)
System memory in use before: 61.6 MB.
System memory in use after: 61.7 MB.

Unloading 5 unused Assets to reduce memory usage. Loaded Objects now: 1615.
Total: 6.935600 ms (FindLiveObjects: 0.337400 ms CreateObjectMapping: 0.218800 ms MarkObjects: 6.112600 ms  DeleteObjects: 0.264300 ms)

========================================================================
Received Import Request.
  Time since last request: 141.584420 seconds.
  path: Assets/Prefabs/Slider.prefab
  artifactKey: Guid(16afe697f9cb813439bfa8099e5bbed5) Importer(815301076,1909f56bfc062723c751e8b465ee728b)
Start importing Assets/Prefabs/Slider.prefab using Guid(16afe697f9cb813439bfa8099e5bbed5) Importer(815301076,1909f56bfc062723c751e8b465ee728b)  -> (artifact id: 'c973928a2e95bc72639eefd1a5953905') in 0.347606 seconds
  Import took 0.356152 seconds .

========================================================================
Received Import Request.
  Time since last request: 149.947481 seconds.
  path: Assets/Prefabs/Slider.prefab
  artifactKey: Guid(16afe697f9cb813439bfa8099e5bbed5) Importer(815301076,1909f56bfc062723c751e8b465ee728b)
Start importing Assets/Prefabs/Slider.prefab using Guid(16afe697f9cb813439bfa8099e5bbed5) Importer(815301076,1909f56bfc062723c751e8b465ee728b)  -> (artifact id: '4e129a57aa3b9f2b199d48736024fafb') in 0.013969 seconds
  Import took 0.016407 seconds .

========================================================================
Received Import Request.
  Time since last request: 0.030881 seconds.
  path: Assets/Prefabs/Slider.prefab
  artifactKey: Guid(16afe697f9cb813439bfa8099e5bbed5) Importer(815301076,1909f56bfc062723c751e8b465ee728b)
Start importing Assets/Prefabs/Slider.prefab using Guid(16afe697f9cb813439bfa8099e5bbed5) Importer(815301076,1909f56bfc062723c751e8b465ee728b)  -> (artifact id: '4e129a57aa3b9f2b199d48736024fafb') in 0.013780 seconds
  Import took 0.017664 seconds .

========================================================================
Received Prepare
Registering precompiled user dll's ...
Registered in 0.001888 seconds.
Begin MonoManager ReloadAssembly
Native extension for WindowsStandalone target not found
Refreshing native plugins compatible for Editor in 0.24 ms, found 0 plugins.
Preloading 0 native plugins for Editor in 0.00 ms.
Invoked RoslynAnalysisRunner static constructor.
RoslynAnalysisRunner will not be running.
RoslynAnalysisRunner has terminated.
Mono: successfully reloaded assembly
- Completed reload, in  0.960 seconds
Platform modules already initialized, skipping
Refreshing native plugins compatible for Editor in 0.21 ms, found 0 plugins.
Preloading 0 native plugins for Editor in 0.00 ms.
Unloading 1125 Unused Serialized files (Serialized files now loaded: 0)
System memory in use before: 61.6 MB.
System memory in use after: 61.7 MB.

Unloading 5 unused Assets to reduce memory usage. Loaded Objects now: 1619.
Total: 2.288600 ms (FindLiveObjects: 0.144800 ms CreateObjectMapping: 0.033300 ms MarkObjects: 2.050200 ms  DeleteObjects: 0.059200 ms)

========================================================================
Received Import Request.
  Time since last request: 86.126012 seconds.
  path: Assets/Prefabs/Slider.prefab
  artifactKey: Guid(16afe697f9cb813439bfa8099e5bbed5) Importer(815301076,1909f56bfc062723c751e8b465ee728b)
Start importing Assets/Prefabs/Slider.prefab using Guid(16afe697f9cb813439bfa8099e5bbed5) Importer(815301076,1909f56bfc062723c751e8b465ee728b)  -> (artifact id: 'c02f6978d78f4ad696b1b4fa5c3e50fb') in 0.077191 seconds
  Import took 0.080892 seconds .

========================================================================
Received Prepare
Registering precompiled user dll's ...
Registered in 0.003998 seconds.
Begin MonoManager ReloadAssembly
Native extension for WindowsStandalone target not found
Refreshing native plugins compatible for Editor in 0.21 ms, found 0 plugins.
Preloading 0 native plugins for Editor in 0.00 ms.
Invoked RoslynAnalysisRunner static constructor.
RoslynAnalysisRunner will not be running.
RoslynAnalysisRunner has terminated.
Mono: successfully reloaded assembly
- Completed reload, in  0.968 seconds
Platform modules already initialized, skipping
Refreshing native plugins compatible for Editor in 0.20 ms, found 0 plugins.
Preloading 0 native plugins for Editor in 0.00 ms.
Unloading 1125 Unused Serialized files (Serialized files now loaded: 0)
System memory in use before: 61.6 MB.
System memory in use after: 61.7 MB.

Unloading 5 unused Assets to reduce memory usage. Loaded Objects now: 1623.
Total: 2.134200 ms (FindLiveObjects: 0.187500 ms CreateObjectMapping: 0.049200 ms MarkObjects: 1.839500 ms  DeleteObjects: 0.056700 ms)

AssetImportWorkerClient::OnTransportError - code=2 error=End of file
